digraph Tree {
node [shape=box, style="filled, rounded", color="black", fontname=helvetica] ;
edge [fontname=helvetica] ;
0 [label=<Account Balance &le; 2.5<br/>gini = 0.42<br/>samples = 1000<br/>value = [300, 700]<br/>class = NonCreditable>, fillcolor="#399de592"] ;
1 [label=<Duration of Credit (month) &le; 22.5<br/>gini = 0.4933<br/>samples = 543<br/>value = [240, 303]<br/>class = NonCreditable>, fillcolor="#399de535"] ;
0 -> 1 [labeldistance=2.5, labelangle=45, headlabel="True"] ;
2 [label=<Payment Status of Previous Credit &le; 1.5<br/>gini = 0.4528<br/>samples = 306<br/>value = [106, 200]<br/>class = NonCreditable>, fillcolor="#399de578"] ;
1 -> 2 ;
3 [label=<Purpose &le; 7.0<br/>gini = 0.375<br/>samples = 28<br/>value = [21, 7]<br/>class = Creditable>, fillcolor="#e58139aa"] ;
2 -> 3 ;
4 [label=<Duration in Current address &le; 3.5<br/>gini = 0.2688<br/>samples = 25<br/>value = [21, 4]<br/>class = Creditable>, fillcolor="#e58139ce"] ;
3 -> 4 ;
5 [label=<gini = 0.0<br/>samples = 15<br/>value = [15, 0]<br/>class = Creditable>, fillcolor="#e58139ff"] ;
4 -> 5 ;
6 [label=<Account Balance &le; 1.5<br/>gini = 0.48<br/>samples = 10<br/>value = [6, 4]<br/>class = Creditable>, fillcolor="#e5813955"] ;
4 -> 6 ;
7 [label=<Occupation &le; 3.5<br/>gini = 0.2778<br/>samples = 6<br/>value = [5, 1]<br/>class = Creditable>, fillcolor="#e58139cc"] ;
6 -> 7 ;
8 [label=<gini = 0.0<br/>samples = 5<br/>value = [5, 0]<br/>class = Creditable>, fillcolor="#e58139ff"] ;
7 -> 8 ;
9 [label=<gini = 0.0<br/>samples = 1<br/>value = [0, 1]<br/>class = NonCreditable>, fillcolor="#399de5ff"] ;
7 -> 9 ;
10 [label=<Most valuable available asset &le; 3.5<br/>gini = 0.375<br/>samples = 4<br/>value = [1, 3]<br/>class = NonCreditable>, fillcolor="#399de5aa"] ;
6 -> 10 ;
11 [label=<gini = 0.0<br/>samples = 3<br/>value = [0, 3]<br/>class = NonCreditable>, fillcolor="#399de5ff"] ;
10 -> 11 ;
12 [label=<gini = 0.0<br/>samples = 1<br/>value = [1, 0]<br/>class = Creditable>, fillcolor="#e58139ff"] ;
10 -> 12 ;
13 [label=<gini = 0.0<br/>samples = 3<br/>value = [0, 3]<br/>class = NonCreditable>, fillcolor="#399de5ff"] ;
3 -> 13 ;
14 [label=<Credit Amount &le; 7491.5<br/>gini = 0.4245<br/>samples = 278<br/>value = [85, 193]<br/>class = NonCreditable>, fillcolor="#399de58f"] ;
2 -> 14 ;
15 [label=<Duration of Credit (month) &le; 11.5<br/>gini = 0.4131<br/>samples = 271<br/>value = [79, 192]<br/>class = NonCreditable>, fillcolor="#399de596"] ;
14 -> 15 ;
16 [label=<Age (years) &le; 34.5<br/>gini = 0.2604<br/>samples = 78<br/>value = [12, 66]<br/>class = NonCreditable>, fillcolor="#399de5d1"] ;
15 -> 16 ;
17 [label=<Most valuable available asset &le; 1.5<br/>gini = 0.4224<br/>samples = 33<br/>value = [10, 23]<br/>class = NonCreditable>, fillcolor="#399de590"] ;
16 -> 17 ;
18 [label=<Duration in Current address &le; 3.5<br/>gini = 0.1172<br/>samples = 16<br/>value = [1, 15]<br/>class = NonCreditable>, fillcolor="#399de5ee"] ;
17 -> 18 ;
19 [label="(...)", fillcolor="#C0C0C0"] ;
18 -> 19 ;
20 [label="(...)", fillcolor="#C0C0C0"] ;
18 -> 20 ;
23 [label=<Duration of Credit (month) &le; 7.5<br/>gini = 0.4983<br/>samples = 17<br/>value = [9, 8]<br/>class = Creditable>, fillcolor="#e581391c"] ;
17 -> 23 ;
24 [label="(...)", fillcolor="#C0C0C0"] ;
23 -> 24 ;
27 [label="(...)", fillcolor="#C0C0C0"] ;
23 -> 27 ;
32 [label=<Sex and Marital Status &le; 1.5<br/>gini = 0.0849<br/>samples = 45<br/>value = [2, 43]<br/>class = NonCreditable>, fillcolor="#399de5f3"] ;
16 -> 32 ;
33 [label=<gini = 0.0<br/>samples = 1<br/>value = [1, 0]<br/>class = Creditable>, fillcolor="#e58139ff"] ;
32 -> 33 ;
34 [label=<Length of current employment &le; 1.5<br/>gini = 0.0444<br/>samples = 44<br/>value = [1, 43]<br/>class = NonCreditable>, fillcolor="#399de5f9"] ;
32 -> 34 ;
35 [label="(...)", fillcolor="#C0C0C0"] ;
34 -> 35 ;
40 [label="(...)", fillcolor="#C0C0C0"] ;
34 -> 40 ;
41 [label=<Credit Amount &le; 1387.5<br/>gini = 0.4533<br/>samples = 193<br/>value = [67, 126]<br/>class = NonCreditable>, fillcolor="#399de577"] ;
15 -> 41 ;
42 [label=<Most valuable available asset &le; 2.5<br/>gini = 0.4999<br/>samples = 73<br/>value = [37, 36]<br/>class = Creditable>, fillcolor="#e5813907"] ;
41 -> 42 ;
43 [label=<Guarantors &le; 1.5<br/>gini = 0.4608<br/>samples = 50<br/>value = [18, 32]<br/>class = NonCreditable>, fillcolor="#399de570"] ;
42 -> 43 ;
44 [label="(...)", fillcolor="#C0C0C0"] ;
43 -> 44 ;
65 [label="(...)", fillcolor="#C0C0C0"] ;
43 -> 65 ;
68 [label=<Age (years) &le; 58.0<br/>gini = 0.2873<br/>samples = 23<br/>value = [19, 4]<br/>class = Creditable>, fillcolor="#e58139c9"] ;
42 -> 68 ;
69 [label="(...)", fillcolor="#C0C0C0"] ;
68 -> 69 ;
78 [label="(...)", fillcolor="#C0C0C0"] ;
68 -> 78 ;
79 [label=<Age (years) &le; 57.5<br/>gini = 0.375<br/>samples = 120<br/>value = [30, 90]<br/>class = NonCreditable>, fillcolor="#399de5aa"] ;
41 -> 79 ;
80 [label=<Purpose &le; 7.5<br/>gini = 0.3543<br/>samples = 113<br/>value = [26, 87]<br/>class = NonCreditable>, fillcolor="#399de5b3"] ;
79 -> 80 ;
81 [label="(...)", fillcolor="#C0C0C0"] ;
80 -> 81 ;
134 [label="(...)", fillcolor="#C0C0C0"] ;
80 -> 134 ;
135 [label=<Duration in Current address &le; 3.5<br/>gini = 0.4898<br/>samples = 7<br/>value = [4, 3]<br/>class = Creditable>, fillcolor="#e5813940"] ;
79 -> 135 ;
136 [label="(...)", fillcolor="#C0C0C0"] ;
135 -> 136 ;
137 [label="(...)", fillcolor="#C0C0C0"] ;
135 -> 137 ;
142 [label=<Payment Status of Previous Credit &le; 2.5<br/>gini = 0.2449<br/>samples = 7<br/>value = [6, 1]<br/>class = Creditable>, fillcolor="#e58139d4"] ;
14 -> 142 ;
143 [label=<gini = 0.0<br/>samples = 6<br/>value = [6, 0]<br/>class = Creditable>, fillcolor="#e58139ff"] ;
142 -> 143 ;
144 [label=<gini = 0.0<br/>samples = 1<br/>value = [0, 1]<br/>class = NonCreditable>, fillcolor="#399de5ff"] ;
142 -> 144 ;
145 [label=<Value Savings/Stocks &le; 3.5<br/>gini = 0.4914<br/>samples = 237<br/>value = [134, 103]<br/>class = Creditable>, fillcolor="#e581393b"] ;
1 -> 145 ;
146 [label=<Duration of Credit (month) &le; 47.5<br/>gini = 0.47<br/>samples = 196<br/>value = [122, 74]<br/>class = Creditable>, fillcolor="#e5813964"] ;
145 -> 146 ;
147 [label=<Credit Amount &le; 2313.0<br/>gini = 0.4905<br/>samples = 160<br/>value = [91, 69]<br/>class = Creditable>, fillcolor="#e581393e"] ;
146 -> 147 ;
148 [label=<Length of current employment &le; 3.5<br/>gini = 0.3682<br/>samples = 37<br/>value = [28, 9]<br/>class = Creditable>, fillcolor="#e58139ad"] ;
147 -> 148 ;
149 [label=<Duration in Current address &le; 1.5<br/>gini = 0.1723<br/>samples = 21<br/>value = [19, 2]<br/>class = Creditable>, fillcolor="#e58139e4"] ;
148 -> 149 ;
150 [label=<Sex and Marital Status &le; 3.5<br/>gini = 0.4444<br/>samples = 3<br/>value = [1, 2]<br/>class = NonCreditable>, fillcolor="#399de57f"] ;
149 -> 150 ;
151 [label="(...)", fillcolor="#C0C0C0"] ;
150 -> 151 ;
152 [label="(...)", fillcolor="#C0C0C0"] ;
150 -> 152 ;
153 [label=<gini = 0.0<br/>samples = 18<br/>value = [18, 0]<br/>class = Creditable>, fillcolor="#e58139ff"] ;
149 -> 153 ;
154 [label=<Purpose &le; 1.5<br/>gini = 0.4922<br/>samples = 16<br/>value = [9, 7]<br/>class = Creditable>, fillcolor="#e5813939"] ;
148 -> 154 ;
155 [label=<gini = 0.0<br/>samples = 4<br/>value = [4, 0]<br/>class = Creditable>, fillcolor="#e58139ff"] ;
154 -> 155 ;
156 [label=<Payment Status of Previous Credit &le; 1.5<br/>gini = 0.4861<br/>samples = 12<br/>value = [5, 7]<br/>class = NonCreditable>, fillcolor="#399de549"] ;
154 -> 156 ;
157 [label="(...)", fillcolor="#C0C0C0"] ;
156 -> 157 ;
158 [label="(...)", fillcolor="#C0C0C0"] ;
156 -> 158 ;
163 [label=<Credit Amount &le; 8015.5<br/>gini = 0.4997<br/>samples = 123<br/>value = [63, 60]<br/>class = Creditable>, fillcolor="#e581390c"] ;
147 -> 163 ;
164 [label=<Credit Amount &le; 5332.0<br/>gini = 0.4968<br/>samples = 100<br/>value = [46, 54]<br/>class = NonCreditable>, fillcolor="#399de526"] ;
163 -> 164 ;
165 [label=<Credit Amount &le; 3962.0<br/>gini = 0.498<br/>samples = 79<br/>value = [42, 37]<br/>class = Creditable>, fillcolor="#e581391e"] ;
164 -> 165 ;
166 [label="(...)", fillcolor="#C0C0C0"] ;
165 -> 166 ;
201 [label="(...)", fillcolor="#C0C0C0"] ;
165 -> 201 ;
216 [label=<Instalment per cent &le; 3.5<br/>gini = 0.3084<br/>samples = 21<br/>value = [4, 17]<br/>class = NonCreditable>, fillcolor="#399de5c3"] ;
164 -> 216 ;
217 [label="(...)", fillcolor="#C0C0C0"] ;
216 -> 217 ;
220 [label="(...)", fillcolor="#C0C0C0"] ;
216 -> 220 ;
223 [label=<Length of current employment &le; 1.5<br/>gini = 0.3856<br/>samples = 23<br/>value = [17, 6]<br/>class = Creditable>, fillcolor="#e58139a5"] ;
163 -> 223 ;
224 [label=<gini = 0.0<br/>samples = 2<br/>value = [0, 2]<br/>class = NonCreditable>, fillcolor="#399de5ff"] ;
223 -> 224 ;
225 [label=<Duration of Credit (month) &le; 37.5<br/>gini = 0.3084<br/>samples = 21<br/>value = [17, 4]<br/>class = Creditable>, fillcolor="#e58139c3"] ;
223 -> 225 ;
226 [label="(...)", fillcolor="#C0C0C0"] ;
225 -> 226 ;
231 [label="(...)", fillcolor="#C0C0C0"] ;
225 -> 231 ;
234 [label=<Duration in Current address &le; 1.5<br/>gini = 0.2392<br/>samples = 36<br/>value = [31, 5]<br/>class = Creditable>, fillcolor="#e58139d6"] ;
146 -> 234 ;
235 [label=<Most valuable available asset &le; 2.0<br/>gini = 0.4444<br/>samples = 3<br/>value = [1, 2]<br/>class = NonCreditable>, fillcolor="#399de57f"] ;
234 -> 235 ;
236 [label=<gini = 0.0<br/>samples = 1<br/>value = [1, 0]<br/>class = Creditable>, fillcolor="#e58139ff"] ;
235 -> 236 ;
237 [label=<gini = 0.0<br/>samples = 2<br/>value = [0, 2]<br/>class = NonCreditable>, fillcolor="#399de5ff"] ;
235 -> 237 ;
238 [label=<Length of current employment &le; 1.5<br/>gini = 0.1653<br/>samples = 33<br/>value = [30, 3]<br/>class = Creditable>, fillcolor="#e58139e6"] ;
234 -> 238 ;
239 [label=<gini = 0.0<br/>samples = 1<br/>value = [0, 1]<br/>class = NonCreditable>, fillcolor="#399de5ff"] ;
238 -> 239 ;
240 [label=<Credit Amount &le; 4942.0<br/>gini = 0.1172<br/>samples = 32<br/>value = [30, 2]<br/>class = Creditable>, fillcolor="#e58139ee"] ;
238 -> 240 ;
241 [label=<Duration in Current address &le; 3.5<br/>gini = 0.375<br/>samples = 8<br/>value = [6, 2]<br/>class = Creditable>, fillcolor="#e58139aa"] ;
240 -> 241 ;
242 [label="(...)", fillcolor="#C0C0C0"] ;
241 -> 242 ;
243 [label="(...)", fillcolor="#C0C0C0"] ;
241 -> 243 ;
244 [label=<gini = 0.0<br/>samples = 24<br/>value = [24, 0]<br/>class = Creditable>, fillcolor="#e58139ff"] ;
240 -> 244 ;
245 [label=<Account Balance &le; 1.5<br/>gini = 0.414<br/>samples = 41<br/>value = [12, 29]<br/>class = NonCreditable>, fillcolor="#399de595"] ;
145 -> 245 ;
246 [label=<No of Credits at this Bank &le; 1.5<br/>gini = 0.4844<br/>samples = 17<br/>value = [10, 7]<br/>class = Creditable>, fillcolor="#e581394d"] ;
245 -> 246 ;
247 [label=<Instalment per cent &le; 2.5<br/>gini = 0.355<br/>samples = 13<br/>value = [10, 3]<br/>class = Creditable>, fillcolor="#e58139b3"] ;
246 -> 247 ;
248 [label=<Age (years) &le; 23.0<br/>gini = 0.4444<br/>samples = 3<br/>value = [1, 2]<br/>class = NonCreditable>, fillcolor="#399de57f"] ;
247 -> 248 ;
249 [label=<gini = 0.0<br/>samples = 1<br/>value = [1, 0]<br/>class = Creditable>, fillcolor="#e58139ff"] ;
248 -> 249 ;
250 [label=<gini = 0.0<br/>samples = 2<br/>value = [0, 2]<br/>class = NonCreditable>, fillcolor="#399de5ff"] ;
248 -> 250 ;
251 [label=<Age (years) &le; 48.0<br/>gini = 0.18<br/>samples = 10<br/>value = [9, 1]<br/>class = Creditable>, fillcolor="#e58139e3"] ;
247 -> 251 ;
252 [label=<gini = 0.0<br/>samples = 9<br/>value = [9, 0]<br/>class = Creditable>, fillcolor="#e58139ff"] ;
251 -> 252 ;
253 [label=<gini = 0.0<br/>samples = 1<br/>value = [0, 1]<br/>class = NonCreditable>, fillcolor="#399de5ff"] ;
251 -> 253 ;
254 [label=<gini = 0.0<br/>samples = 4<br/>value = [0, 4]<br/>class = NonCreditable>, fillcolor="#399de5ff"] ;
246 -> 254 ;
255 [label=<Credit Amount &le; 12296.5<br/>gini = 0.1528<br/>samples = 24<br/>value = [2, 22]<br/>class = NonCreditable>, fillcolor="#399de5e8"] ;
245 -> 255 ;
256 [label=<Guarantors &le; 1.5<br/>gini = 0.0832<br/>samples = 23<br/>value = [1, 22]<br/>class = NonCreditable>, fillcolor="#399de5f3"] ;
255 -> 256 ;
257 [label=<gini = 0.0<br/>samples = 21<br/>value = [0, 21]<br/>class = NonCreditable>, fillcolor="#399de5ff"] ;
256 -> 257 ;
258 [label=<Duration in Current address &le; 3.0<br/>gini = 0.5<br/>samples = 2<br/>value = [1, 1]<br/>class = Creditable>, fillcolor="#e5813900"] ;
256 -> 258 ;
259 [label=<gini = 0.0<br/>samples = 1<br/>value = [1, 0]<br/>class = Creditable>, fillcolor="#e58139ff"] ;
258 -> 259 ;
260 [label=<gini = 0.0<br/>samples = 1<br/>value = [0, 1]<br/>class = NonCreditable>, fillcolor="#399de5ff"] ;
258 -> 260 ;
261 [label=<gini = 0.0<br/>samples = 1<br/>value = [1, 0]<br/>class = Creditable>, fillcolor="#e58139ff"] ;
255 -> 261 ;
262 [label=<Length of current employment &le; 3.5<br/>gini = 0.2281<br/>samples = 457<br/>value = [60, 397]<br/>class = NonCreditable>, fillcolor="#399de5d8"] ;
0 -> 262 [labeldistance=2.5, labelangle=-45, headlabel="False"] ;
263 [label=<Credit Amount &le; 4158.0<br/>gini = 0.2966<br/>samples = 243<br/>value = [44, 199]<br/>class = NonCreditable>, fillcolor="#399de5c7"] ;
262 -> 263 ;
264 [label=<Guarantors &le; 1.5<br/>gini = 0.2235<br/>samples = 195<br/>value = [25, 170]<br/>class = NonCreditable>, fillcolor="#399de5da"] ;
263 -> 264 ;
265 [label=<Purpose &le; 4.5<br/>gini = 0.1956<br/>samples = 182<br/>value = [20, 162]<br/>class = NonCreditable>, fillcolor="#399de5e0"] ;
264 -> 265 ;
266 [label=<Payment Status of Previous Credit &le; 0.5<br/>gini = 0.1359<br/>samples = 150<br/>value = [11, 139]<br/>class = NonCreditable>, fillcolor="#399de5eb"] ;
265 -> 266 ;
267 [label=<Duration of Credit (month) &le; 7.5<br/>gini = 0.5<br/>samples = 2<br/>value = [1, 1]<br/>class = Creditable>, fillcolor="#e5813900"] ;
266 -> 267 ;
268 [label=<gini = 0.0<br/>samples = 1<br/>value = [0, 1]<br/>class = NonCreditable>, fillcolor="#399de5ff"] ;
267 -> 268 ;
269 [label=<gini = 0.0<br/>samples = 1<br/>value = [1, 0]<br/>class = Creditable>, fillcolor="#e58139ff"] ;
267 -> 269 ;
270 [label=<Duration of Credit (month) &le; 25.5<br/>gini = 0.126<br/>samples = 148<br/>value = [10, 138]<br/>class = NonCreditable>, fillcolor="#399de5ed"] ;
266 -> 270 ;
271 [label=<Occupation &le; 2.5<br/>gini = 0.1078<br/>samples = 140<br/>value = [8, 132]<br/>class = NonCreditable>, fillcolor="#399de5f0"] ;
270 -> 271 ;
272 [label="(...)", fillcolor="#C0C0C0"] ;
271 -> 272 ;
281 [label="(...)", fillcolor="#C0C0C0"] ;
271 -> 281 ;
296 [label=<Duration of Credit (month) &le; 28.5<br/>gini = 0.375<br/>samples = 8<br/>value = [2, 6]<br/>class = NonCreditable>, fillcolor="#399de5aa"] ;
270 -> 296 ;
297 [label="(...)", fillcolor="#C0C0C0"] ;
296 -> 297 ;
298 [label="(...)", fillcolor="#C0C0C0"] ;
296 -> 298 ;
301 [label=<Concurrent Credits &le; 2.5<br/>gini = 0.4043<br/>samples = 32<br/>value = [9, 23]<br/>class = NonCreditable>, fillcolor="#399de59b"] ;
265 -> 301 ;
302 [label=<Instalment per cent &le; 2.5<br/>gini = 0.2778<br/>samples = 6<br/>value = [5, 1]<br/>class = Creditable>, fillcolor="#e58139cc"] ;
301 -> 302 ;
303 [label=<gini = 0.0<br/>samples = 1<br/>value = [0, 1]<br/>class = NonCreditable>, fillcolor="#399de5ff"] ;
302 -> 303 ;
304 [label=<gini = 0.0<br/>samples = 5<br/>value = [5, 0]<br/>class = Creditable>, fillcolor="#e58139ff"] ;
302 -> 304 ;
305 [label=<Credit Amount &le; 1803.5<br/>gini = 0.2604<br/>samples = 26<br/>value = [4, 22]<br/>class = NonCreditable>, fillcolor="#399de5d1"] ;
301 -> 305 ;
306 [label=<gini = 0.0<br/>samples = 12<br/>value = [0, 12]<br/>class = NonCreditable>, fillcolor="#399de5ff"] ;
305 -> 306 ;
307 [label=<Credit Amount &le; 2347.0<br/>gini = 0.4082<br/>samples = 14<br/>value = [4, 10]<br/>class = NonCreditable>, fillcolor="#399de599"] ;
305 -> 307 ;
308 [label="(...)", fillcolor="#C0C0C0"] ;
307 -> 308 ;
311 [label="(...)", fillcolor="#C0C0C0"] ;
307 -> 311 ;
312 [label=<Age (years) &le; 24.0<br/>gini = 0.4734<br/>samples = 13<br/>value = [5, 8]<br/>class = NonCreditable>, fillcolor="#399de560"] ;
264 -> 312 ;
313 [label=<gini = 0.0<br/>samples = 2<br/>value = [2, 0]<br/>class = Creditable>, fillcolor="#e58139ff"] ;
312 -> 313 ;
314 [label=<Instalment per cent &le; 3.0<br/>gini = 0.3967<br/>samples = 11<br/>value = [3, 8]<br/>class = NonCreditable>, fillcolor="#399de59f"] ;
312 -> 314 ;
315 [label=<gini = 0.0<br/>samples = 6<br/>value = [0, 6]<br/>class = NonCreditable>, fillcolor="#399de5ff"] ;
314 -> 315 ;
316 [label=<Sex and Marital Status &le; 2.5<br/>gini = 0.48<br/>samples = 5<br/>value = [3, 2]<br/>class = Creditable>, fillcolor="#e5813955"] ;
314 -> 316 ;
317 [label=<gini = 0.0<br/>samples = 2<br/>value = [0, 2]<br/>class = NonCreditable>, fillcolor="#399de5ff"] ;
316 -> 317 ;
318 [label=<gini = 0.0<br/>samples = 3<br/>value = [3, 0]<br/>class = Creditable>, fillcolor="#e58139ff"] ;
316 -> 318 ;
319 [label=<Credit Amount &le; 9569.0<br/>gini = 0.4783<br/>samples = 48<br/>value = [19, 29]<br/>class = NonCreditable>, fillcolor="#399de558"] ;
263 -> 319 ;
320 [label=<Most valuable available asset &le; 3.5<br/>gini = 0.4543<br/>samples = 43<br/>value = [15, 28]<br/>class = NonCreditable>, fillcolor="#399de576"] ;
319 -> 320 ;
321 [label=<Telephone &le; 1.5<br/>gini = 0.4861<br/>samples = 36<br/>value = [15, 21]<br/>class = NonCreditable>, fillcolor="#399de549"] ;
320 -> 321 ;
322 [label=<Credit Amount &le; 4241.0<br/>gini = 0.3457<br/>samples = 18<br/>value = [4, 14]<br/>class = NonCreditable>, fillcolor="#399de5b6"] ;
321 -> 322 ;
323 [label=<gini = 0.0<br/>samples = 2<br/>value = [2, 0]<br/>class = Creditable>, fillcolor="#e58139ff"] ;
322 -> 323 ;
324 [label=<Age (years) &le; 55.5<br/>gini = 0.2188<br/>samples = 16<br/>value = [2, 14]<br/>class = NonCreditable>, fillcolor="#399de5db"] ;
322 -> 324 ;
325 [label="(...)", fillcolor="#C0C0C0"] ;
324 -> 325 ;
328 [label="(...)", fillcolor="#C0C0C0"] ;
324 -> 328 ;
329 [label=<Duration of Credit (month) &le; 29.0<br/>gini = 0.4753<br/>samples = 18<br/>value = [11, 7]<br/>class = Creditable>, fillcolor="#e581395d"] ;
321 -> 329 ;
330 [label=<Instalment per cent &le; 1.5<br/>gini = 0.4861<br/>samples = 12<br/>value = [5, 7]<br/>class = NonCreditable>, fillcolor="#399de549"] ;
329 -> 330 ;
331 [label="(...)", fillcolor="#C0C0C0"] ;
330 -> 331 ;
332 [label="(...)", fillcolor="#C0C0C0"] ;
330 -> 332 ;
337 [label=<gini = 0.0<br/>samples = 6<br/>value = [6, 0]<br/>class = Creditable>, fillcolor="#e58139ff"] ;
329 -> 337 ;
338 [label=<gini = 0.0<br/>samples = 7<br/>value = [0, 7]<br/>class = NonCreditable>, fillcolor="#399de5ff"] ;
320 -> 338 ;
339 [label=<Value Savings/Stocks &le; 4.0<br/>gini = 0.32<br/>samples = 5<br/>value = [4, 1]<br/>class = Creditable>, fillcolor="#e58139bf"] ;
319 -> 339 ;
340 [label=<gini = 0.0<br/>samples = 4<br/>value = [4, 0]<br/>class = Creditable>, fillcolor="#e58139ff"] ;
339 -> 340 ;
341 [label=<gini = 0.0<br/>samples = 1<br/>value = [0, 1]<br/>class = NonCreditable>, fillcolor="#399de5ff"] ;
339 -> 341 ;
342 [label=<No of dependents &le; 1.5<br/>gini = 0.1384<br/>samples = 214<br/>value = [16, 198]<br/>class = NonCreditable>, fillcolor="#399de5ea"] ;
262 -> 342 ;
343 [label=<Age (years) &le; 22.5<br/>gini = 0.0887<br/>samples = 172<br/>value = [8, 164]<br/>class = NonCreditable>, fillcolor="#399de5f3"] ;
342 -> 343 ;
344 [label=<Duration in Current address &le; 2.5<br/>gini = 0.4082<br/>samples = 7<br/>value = [2, 5]<br/>class = NonCreditable>, fillcolor="#399de599"] ;
343 -> 344 ;
345 [label=<gini = 0.0<br/>samples = 2<br/>value = [2, 0]<br/>class = Creditable>, fillcolor="#e58139ff"] ;
344 -> 345 ;
346 [label=<gini = 0.0<br/>samples = 5<br/>value = [0, 5]<br/>class = NonCreditable>, fillcolor="#399de5ff"] ;
344 -> 346 ;
347 [label=<Age (years) &le; 65.5<br/>gini = 0.0701<br/>samples = 165<br/>value = [6, 159]<br/>class = NonCreditable>, fillcolor="#399de5f5"] ;
343 -> 347 ;
348 [label=<Credit Amount &le; 11578.5<br/>gini = 0.0595<br/>samples = 163<br/>value = [5, 158]<br/>class = NonCreditable>, fillcolor="#399de5f7"] ;
347 -> 348 ;
349 [label=<Concurrent Credits &le; 1.5<br/>gini = 0.0487<br/>samples = 160<br/>value = [4, 156]<br/>class = NonCreditable>, fillcolor="#399de5f8"] ;
348 -> 349 ;
350 [label=<No of Credits at this Bank &le; 1.5<br/>gini = 0.2449<br/>samples = 14<br/>value = [2, 12]<br/>class = NonCreditable>, fillcolor="#399de5d4"] ;
349 -> 350 ;
351 [label="(...)", fillcolor="#C0C0C0"] ;
350 -> 351 ;
352 [label="(...)", fillcolor="#C0C0C0"] ;
350 -> 352 ;
355 [label=<No of Credits at this Bank &le; 2.5<br/>gini = 0.027<br/>samples = 146<br/>value = [2, 144]<br/>class = NonCreditable>, fillcolor="#399de5fb"] ;
349 -> 355 ;
356 [label="(...)", fillcolor="#C0C0C0"] ;
355 -> 356 ;
365 [label="(...)", fillcolor="#C0C0C0"] ;
355 -> 365 ;
368 [label=<Duration of Credit (month) &le; 34.5<br/>gini = 0.4444<br/>samples = 3<br/>value = [1, 2]<br/>class = NonCreditable>, fillcolor="#399de57f"] ;
348 -> 368 ;
369 [label=<gini = 0.0<br/>samples = 1<br/>value = [1, 0]<br/>class = Creditable>, fillcolor="#e58139ff"] ;
368 -> 369 ;
370 [label=<gini = 0.0<br/>samples = 2<br/>value = [0, 2]<br/>class = NonCreditable>, fillcolor="#399de5ff"] ;
368 -> 370 ;
371 [label=<Account Balance &le; 3.5<br/>gini = 0.5<br/>samples = 2<br/>value = [1, 1]<br/>class = Creditable>, fillcolor="#e5813900"] ;
347 -> 371 ;
372 [label=<gini = 0.0<br/>samples = 1<br/>value = [1, 0]<br/>class = Creditable>, fillcolor="#e58139ff"] ;
371 -> 372 ;
373 [label=<gini = 0.0<br/>samples = 1<br/>value = [0, 1]<br/>class = NonCreditable>, fillcolor="#399de5ff"] ;
371 -> 373 ;
374 [label=<Credit Amount &le; 1270.0<br/>gini = 0.3084<br/>samples = 42<br/>value = [8, 34]<br/>class = NonCreditable>, fillcolor="#399de5c3"] ;
342 -> 374 ;
375 [label=<No of Credits at this Bank &le; 1.5<br/>gini = 0.4444<br/>samples = 6<br/>value = [4, 2]<br/>class = Creditable>, fillcolor="#e581397f"] ;
374 -> 375 ;
376 [label=<gini = 0.0<br/>samples = 4<br/>value = [4, 0]<br/>class = Creditable>, fillcolor="#e58139ff"] ;
375 -> 376 ;
377 [label=<gini = 0.0<br/>samples = 2<br/>value = [0, 2]<br/>class = NonCreditable>, fillcolor="#399de5ff"] ;
375 -> 377 ;
378 [label=<Age (years) &le; 54.5<br/>gini = 0.1975<br/>samples = 36<br/>value = [4, 32]<br/>class = NonCreditable>, fillcolor="#399de5df"] ;
374 -> 378 ;
379 [label=<Purpose &le; 0.5<br/>gini = 0.1567<br/>samples = 35<br/>value = [3, 32]<br/>class = NonCreditable>, fillcolor="#399de5e7"] ;
378 -> 379 ;
380 [label=<Concurrent Credits &le; 2.0<br/>gini = 0.3967<br/>samples = 11<br/>value = [3, 8]<br/>class = NonCreditable>, fillcolor="#399de59f"] ;
379 -> 380 ;
381 [label=<gini = 0.0<br/>samples = 2<br/>value = [2, 0]<br/>class = Creditable>, fillcolor="#e58139ff"] ;
380 -> 381 ;
382 [label=<Age (years) &le; 46.5<br/>gini = 0.1975<br/>samples = 9<br/>value = [1, 8]<br/>class = NonCreditable>, fillcolor="#399de5df"] ;
380 -> 382 ;
383 [label="(...)", fillcolor="#C0C0C0"] ;
382 -> 383 ;
384 [label="(...)", fillcolor="#C0C0C0"] ;
382 -> 384 ;
385 [label=<gini = 0.0<br/>samples = 24<br/>value = [0, 24]<br/>class = NonCreditable>, fillcolor="#399de5ff"] ;
379 -> 385 ;
386 [label=<gini = 0.0<br/>samples = 1<br/>value = [1, 0]<br/>class = Creditable>, fillcolor="#e58139ff"] ;
378 -> 386 ;
}